<?xml version="1.0" encoding="UTF-8"?>
<testng-results ignored="0" total="4" passed="4" failed="0" skipped="0">
  <reporter-output>
  </reporter-output>
  <suite started-at="2021-12-16T07:57:38 EST" name="smoke1" finished-at="2021-12-16T07:57:38 EST" duration-ms="33">
    <groups>
    </groups>
    <test started-at="2021-12-16T07:57:38 EST" name="End to End Test" finished-at="2021-12-16T07:57:38 EST" duration-ms="33">
      <class name="qaclickacademy.AppiumTest">
        <test-method signature="AndroidApps()[pri:0, instance:qaclickacademy.AppiumTest@3d121db3]" started-at="2021-12-16T07:57:38 EST" name="AndroidApps" finished-at="2021-12-16T07:57:38 EST" duration-ms="3" status="PASS">
          <reporter-output>
          </reporter-output>
        </test-method> <!-- AndroidApps -->
        <test-method signature="IOSApps()[pri:0, instance:qaclickacademy.AppiumTest@3d121db3]" started-at="2021-12-16T07:57:38 EST" name="IOSApps" finished-at="2021-12-16T07:57:38 EST" duration-ms="0" status="PASS">
          <reporter-output>
          </reporter-output>
        </test-method> <!-- IOSApps -->
      </class> <!-- qaclickacademy.AppiumTest -->
      <class name="qaclickacademy.REST_API_Test">
        <test-method signature="deleteTwitter()[pri:0, instance:qaclickacademy.REST_API_Test@77167fb7]" started-at="2021-12-16T07:57:38 EST" name="deleteTwitter" finished-at="2021-12-16T07:57:38 EST" duration-ms="1" status="PASS">
          <reporter-output>
          </reporter-output>
        </test-method> <!-- deleteTwitter -->
        <test-method signature="postJira()[pri:0, instance:qaclickacademy.REST_API_Test@77167fb7]" started-at="2021-12-16T07:57:38 EST" name="postJira" finished-at="2021-12-16T07:57:38 EST" duration-ms="0" status="PASS">
          <reporter-output>
          </reporter-output>
        </test-method> <!-- postJira -->
      </class> <!-- qaclickacademy.REST_API_Test -->
    </test> <!-- End to End Test -->
  </suite> <!-- smoke1 -->
</testng-results>
