<?xml version="1.0" encoding="UTF-8"?>
<testsuite xmlns:xsi="http://www.w3.org/2001/XMLSchema-instance" xsi:noNamespaceSchemaLocation="https://maven.apache.org/surefire/maven-surefire-plugin/xsd/surefire-test-report-3.0.xsd" version="3.0" name="TestSuite" time="0.434" tests="4" errors="0" skipped="0" failures="0">
  <properties>
[...]
</properties>
  <testcase name="AndroidApps" classname="qaclickacademy.AppiumTest" time="0.004">
    <system-out><![CDATA[android
]]></system-out>
  </testcase>
  <testcase name="IOSApps" classname="qaclickacademy.AppiumTest" time="0">
    <system-out><![CDATA[ios
]]></system-out>
  </testcase>
  <testcase name="deleteTwitter" classname="qaclickacademy.REST_API_Test" time="0">
    <system-out><![CDATA[delete twitter
]]></system-out>
  </testcase>
  <testcase name="postJira" classname="qaclickacademy.REST_API_Test" time="0.001">
    <system-out><![CDATA[postJIRA
]]></system-out>
  </testcase>
</testsuite>