<?xml version="1.0" encoding="UTF-8"?>
<!-- Generated by org.testng.reporters.JUnitXMLReporter -->
<testsuite ignored="0" hostname="DESKTOP-PKQPSVO" failures="0" tests="4" name="End to End Test" time="0.033" errors="0" timestamp="2021-12-16T07:57:38 EST">
  <testcase classname="qaclickacademy.AppiumTest" name="AndroidApps" time="0.003"/>
  <testcase classname="qaclickacademy.AppiumTest" name="IOSApps" time="0.0"/>
  <testcase classname="qaclickacademy.REST_API_Test" name="deleteTwitter" time="0.001"/>
  <testcase classname="qaclickacademy.REST_API_Test" name="postJira" time="0.0"/>
</testsuite> <!-- End to End Test -->
